<?xml version="1.0" encoding="UTF-8"?>
<!-- Generated by org.testng.reporters.JUnitXMLReporter -->
<testsuite ignored="0" hostname="MLAMBA-IN" failures="1" tests="4" name="Test Rediff" time="212.046" errors="0" timestamp="2020-08-30T00:55:34 IST">
  <testcase classname="com.rediff.qa.testcases.HomePageTest" name="validateHomeTitleTest" time="0.217">
    <failure type="java.lang.AssertionError" message="expected [Rediff.com: News | Rediffmail | Stock Quotes | Shopping1] but found [Rediff.com: News | Rediffmail | Stock Quotes | Shopping]">
      <![CDATA[java.lang.AssertionError: expected [Rediff.com: News | Rediffmail | Stock Quotes | Shopping1] but found [Rediff.com: News | Rediffmail | Stock Quotes | Shopping]
at com.rediff.qa.testcases.HomePageTest.validateHomeTitleTest(HomePageTest.java:40)
at java.base/java.util.ArrayList.forEach(ArrayList.java:1510)
... Removed 33 stack frames]]>
    </failure>
  </testcase> <!-- validateHomeTitleTest -->
  <testcase classname="com.rediff.qa.testcases.HomePageTest" name="validateHomePageLogoTest" time="20.999"/>
  <testcase classname="com.rediff.qa.testcases.HomePageTest" name="validateHomeToLoginPageTest" time="54.108"/>
  <testcase classname="com.rediff.qa.testcases.HomePageTest" name="validateNSETest" time="44.519"/>
</testsuite> <!-- Test Rediff -->
