<?xml version="1.0" encoding="UTF-8"?>
<!-- Generated by org.testng.reporters.JUnitXMLReporter -->
<testsuite ignored="3" hostname="MLAMBA-IN" failures="1" tests="1" name="Surefire test" time="16.605" errors="0" timestamp="2020-09-03T01:04:21 IST">
  <testcase classname="com.rediff.qa.testcases.HomePageTest" name="validateHomeTitleTest" time="1.755">
    <failure type="java.lang.AssertionError" message="expected [Rediff.com: News | Rediffmail | Stock Quotes | Shopping1] but found [Rediff.com: News | Rediffmail | Stock Quotes | Shopping]">
      <![CDATA[java.lang.AssertionError: expected [Rediff.com: News | Rediffmail | Stock Quotes | Shopping1] but found [Rediff.com: News | Rediffmail | Stock Quotes | Shopping]
at com.rediff.qa.testcases.HomePageTest.validateHomeTitleTest(HomePageTest.java:46)
at java.base/java.util.ArrayList.forEach(ArrayList.java:1510)
... Removed 38 stack frames]]>
    </failure>
  </testcase> <!-- validateHomeTitleTest -->
  <testcase classname="com.rediff.qa.testcases.HomePageTest" name="validateNSETest" time="0.0">
    <ignored/>
  </testcase> <!-- validateNSETest -->
  <testcase classname="com.rediff.qa.testcases.HomePageTest" name="validateHomePageLogoTest" time="0.0">
    <ignored/>
  </testcase> <!-- validateHomePageLogoTest -->
  <testcase classname="com.rediff.qa.testcases.HomePageTest" name="validateHomeToLoginPageTest" time="0.0">
    <ignored/>
  </testcase> <!-- validateHomeToLoginPageTest -->
</testsuite> <!-- Surefire test -->
